<?xml version="1.0" encoding="UTF-8"?>
<testsuite name="ece448.lec05.ReverseStringTests" tests="2" skipped="0" failures="0" errors="0" timestamp="2023-03-02T06:34:01" hostname="IIT-ECE448" time="0.002">
  <properties/>
  <testcase name="testCJK" classname="ece448.lec05.ReverseStringTests" time="0.002"/>
  <testcase name="test" classname="ece448.lec05.ReverseStringTests" time="0.0"/>
  <system-out><![CDATA[]]></system-out>
  <system-err><![CDATA[]]></system-err>
</testsuite>
