<?xml version="1.0" encoding="UTF-8"?>
<testsuite name="ece448.lec05.UnicodeTests" tests="2" skipped="0" failures="0" errors="0" timestamp="2023-03-02T06:34:01" hostname="IIT-ECE448" time="0.0">
  <properties/>
  <testcase name="testCJK" classname="ece448.lec05.UnicodeTests" time="0.0"/>
  <testcase name="testASCII" classname="ece448.lec05.UnicodeTests" time="0.0"/>
  <system-out><![CDATA[]]></system-out>
  <system-err><![CDATA[]]></system-err>
</testsuite>
